0001_0089_0155_0454_0454.jpg 1 89 155 454 454
0002_0450_0738_0241_0241.jpg 1 450 738 241 241
0003_0505_0200_0347_0347.jpg 1 505 200 347 347
0004_0409_0134_0421_0421.jpg 1 409 134 421 421
0005_0269_0584_0327_0327.jpg 1 269 584 327 327
0006_0606_0076_0299_0299.jpg 1 606 76 299 299
0007_0277_0608_0510_0510.jpg 1 277 608 510 510
0008_1679_0921_0121_0121.jpg 1 1679 921 121 121
0009_0217_0201_0496_0496.jpg 1 217 201 496 496
0010_2715_1466_0466_0466.jpg 1 2715 1466 466 466
0011_0164_0471_0381_0381.jpg 1 164 471 381 381
0012_0447_1529_0386_0386.jpg 1 447 1529 386 386
0013_0446_0438_0026_0026.jpg 1 446 438 26 26
0014_0854_0258_0116_0116.jpg 1 854 258 116 116
0015_0263_0160_0295_0295.jpg 1 263 160 295 295
0016_0270_0083_0334_0334.jpg 1 270 83 334 334
0017_0214_0115_0099_0099.jpg 1 214 115 99 99
0018_0385_0486_0204_0204.jpg 1 385 486 204 204
0019_0201_0145_0540_0540.jpg 1 201 145 540 540
0020_0478_0669_0096_0096.jpg 1 478 669 96 96
0021_0680_0102_0388_0388.jpg 1 680 102 388 388
0022_0623_0661_0070_0070.jpg 1 623 661 70 70
0023_0143_0113_0552_0552.jpg 1 143 113 552 552
0024_1233_0424_0429_0429.jpg 1 1233 424 429 429
0025_0932_0595_0361_0361.jpg 1 932 595 361 361
0026_0132_0278_0536_0536.jpg 1 132 278 536 536
0027_0114_0210_0481_0481.jpg 1 114 210 481 481
0028_0225_0402_0243_0243.jpg 1 225 402 243 243
0029_0776_0350_0310_0310.jpg 1 776 350 310 310
0030_0151_0169_0467_0467.jpg 1 151 169 467 467
0031_0958_0920_0205_0205.jpg 1 958 920 205 205
0032_2196_0864_0551_0551.jpg 1 2196 864 551 551
0033_0354_0338_0253_0253.jpg 1 354 338 253 253
0034_0581_0328_0293_0293.jpg 1 581 328 293 293
0035_0814_0232_0110_0110.jpg 1 814 232 110 110
0036_0906_0327_0300_0300.jpg 1 906 327 300 300
0037_0557_0399_0053_0053.jpg 1 557 399 53 53
0038_0413_0259_0471_0471.jpg 1 413 259 471 471
0039_0545_1014_0421_0421.jpg 1 545 1014 421 421
0040_0242_0474_0462_0462.jpg 1 242 474 462 462
0041_0855_0819_0175_0175.jpg 1 855 819 175 175
0042_1549_1146_0100_0100.jpg 1 1549 1146 100 100
0043_0760_0547_0055_0055.jpg 1 760 547 55 55
0044_0155_0284_0044_0044.jpg 1 155 284 44 44
0045_0120_0355_0383_0383.jpg 1 120 355 383 383
0046_0388_0285_0500_0500.jpg 1 388 285 500 500
0047_0444_0565_0406_0406.jpg 1 444 565 406 406
0048_1223_1118_0241_0241.jpg 1 1223 1118 241 241
0049_0850_0749_0539_0539.jpg 1 850 749 539 539
0050_0117_0246_0500_0500.jpg 1 117 246 500 500
0051_0462_0148_0352_0352.jpg 1 462 148 352 352
0052_0455_0635_0060_0060.jpg 1 455 635 60 60
0053_0565_1410_0172_0172.jpg 1 565 1410 172 172
0054_0508_0764_0306_0306.jpg 1 508 764 306 306
0055_0244_0736_0192_0192.jpg 1 244 736 192 192
0056_1761_0588_0142_0142.jpg 1 1761 588 142 142
0057_0257_0352_0247_0247.jpg 1 257 352 247 247
0058_0239_0138_0401_0401.jpg 1 239 138 401 401
0059_0205_0157_0495_0495.jpg 1 205 157 495 495
0060_0345_0193_0154_0154.jpg 1 345 193 154 154
0061_1213_1047_0283_0283.jpg 1 1213 1047 283 283
0062_0124_0185_0443_0443.jpg 1 124 185 443 443
0063_0618_0477_0159_0159.jpg 1 618 477 159 159
0064_0394_0197_0327_0327.jpg 1 394 197 327 327
